<?xml version="1.0" encoding="UTF-8"?>
<testsuite xmlns:xsi="http://www.w3.org/2001/XMLSchema-instance" xsi:noNamespaceSchemaLocation="https://maven.apache.org/surefire/maven-surefire-plugin/xsd/surefire-test-report-3.0.xsd" version="3.0" name="com.silegio.nfon.client.AuthTest" time="0.135" tests="4" errors="0" skipped="0" failures="0">
  <properties>
    <property name="java.specification.version" value="21"/>
    <property name="sun.jnu.encoding" value="UTF-8"/>
    <property name="java.class.path" value="/Users/rs/Documents/dev/nfam/nfonapi/target/test-classes:/Users/rs/Documents/dev/nfam/nfonapi/target/classes:/Users/rs/.m2/repository/org/json/json/20231013/json-20231013.jar:/Users/rs/.m2/repository/junit/junit/4.13.2/junit-4.13.2.jar:/Users/rs/.m2/repository/org/hamcrest/hamcrest-core/1.3/hamcrest-core-1.3.jar:/Users/rs/.m2/repository/commons-codec/commons-codec/1.16.0/commons-codec-1.16.0.jar:"/>
    <property name="java.vm.vendor" value="Oracle Corporation"/>
    <property name="sun.arch.data.model" value="64"/>
    <property name="java.vendor.url" value="https://java.oracle.com/"/>
    <property name="os.name" value="Mac OS X"/>
    <property name="java.vm.specification.version" value="21"/>
    <property name="sun.java.launcher" value="SUN_STANDARD"/>
    <property name="user.country" value="DE"/>
    <property name="sun.boot.library.path" value="/Users/rs/OpenJDK/jdk-21.0.1.jdk/Contents/Home/lib"/>
    <property name="sun.java.command" value="/Users/rs/Documents/dev/nfam/nfonapi/target/surefire/surefirebooter-20231120123729348_3.jar /Users/rs/Documents/dev/nfam/nfonapi/target/surefire 2023-11-20T12-37-29_136-jvmRun1 surefire-20231120123729348_1tmp surefire_0-20231120123729348_2tmp"/>
    <property name="http.nonProxyHosts" value="local|*.local|169.254/16|*.169.254/16"/>
    <property name="jdk.debug" value="release"/>
    <property name="surefire.test.class.path" value="/Users/rs/Documents/dev/nfam/nfonapi/target/test-classes:/Users/rs/Documents/dev/nfam/nfonapi/target/classes:/Users/rs/.m2/repository/org/json/json/20231013/json-20231013.jar:/Users/rs/.m2/repository/junit/junit/4.13.2/junit-4.13.2.jar:/Users/rs/.m2/repository/org/hamcrest/hamcrest-core/1.3/hamcrest-core-1.3.jar:/Users/rs/.m2/repository/commons-codec/commons-codec/1.16.0/commons-codec-1.16.0.jar:"/>
    <property name="sun.cpu.endian" value="little"/>
    <property name="user.home" value="/Users/rs"/>
    <property name="user.language" value="de"/>
    <property name="java.specification.vendor" value="Oracle Corporation"/>
    <property name="java.version.date" value="2023-10-17"/>
    <property name="java.home" value="/Users/rs/OpenJDK/jdk-21.0.1.jdk/Contents/Home"/>
    <property name="file.separator" value="/"/>
    <property name="basedir" value="/Users/rs/Documents/dev/nfam/nfonapi"/>
    <property name="java.vm.compressedOopsMode" value="Zero based"/>
    <property name="line.separator" value="&#10;"/>
    <property name="java.vm.specification.vendor" value="Oracle Corporation"/>
    <property name="java.specification.name" value="Java Platform API Specification"/>
    <property name="apple.awt.application.name" value="ForkedBooter"/>
    <property name="surefire.real.class.path" value="/Users/rs/Documents/dev/nfam/nfonapi/target/surefire/surefirebooter-20231120123729348_3.jar"/>
    <property name="sun.management.compiler" value="HotSpot 64-Bit Tiered Compilers"/>
    <property name="ftp.nonProxyHosts" value="local|*.local|169.254/16|*.169.254/16"/>
    <property name="java.runtime.version" value="21.0.1+12-29"/>
    <property name="user.name" value="rs"/>
    <property name="stdout.encoding" value="UTF-8"/>
    <property name="path.separator" value=":"/>
    <property name="os.version" value="14.1.1"/>
    <property name="java.runtime.name" value="OpenJDK Runtime Environment"/>
    <property name="file.encoding" value="UTF-8"/>
    <property name="java.vm.name" value="OpenJDK 64-Bit Server VM"/>
    <property name="localRepository" value="/Users/rs/.m2/repository"/>
    <property name="java.vendor.url.bug" value="https://bugreport.java.com/bugreport/"/>
    <property name="java.io.tmpdir" value="/var/folders/lg/7_6d_2796fv8gnlvlwrjwdfm0000gn/T/"/>
    <property name="java.version" value="21.0.1"/>
    <property name="user.dir" value="/Users/rs/Documents/dev/nfam/nfonapi"/>
    <property name="os.arch" value="x86_64"/>
    <property name="java.vm.specification.name" value="Java Virtual Machine Specification"/>
    <property name="native.encoding" value="UTF-8"/>
    <property name="java.library.path" value="/Users/rs/Library/Java/Extensions:/Library/Java/Extensions:/Network/Library/Java/Extensions:/System/Library/Java/Extensions:/usr/lib/java:."/>
    <property name="java.vm.info" value="mixed mode, sharing"/>
    <property name="stderr.encoding" value="UTF-8"/>
    <property name="java.vendor" value="Oracle Corporation"/>
    <property name="java.vm.version" value="21.0.1+12-29"/>
    <property name="sun.io.unicode.encoding" value="UnicodeBig"/>
    <property name="socksNonProxyHosts" value="local|*.local|169.254/16|*.169.254/16"/>
    <property name="java.class.version" value="65.0"/>
  </properties>
  <testcase name="testGetAuthentication" classname="com.silegio.nfon.client.AuthTest" time="0.095"/>
  <testcase name="testGetAuthentication2" classname="com.silegio.nfon.client.AuthTest" time="0.0"/>
  <testcase name="testDateTimeFormat" classname="com.silegio.nfon.client.AuthTest" time="0.003">
    <system-err><![CDATA[Mon, 20 Nov 2023 11:37:29 GMT
]]></system-err>
  </testcase>
  <testcase name="testGetAuthenticationWithDate" classname="com.silegio.nfon.client.AuthTest" time="0.0"/>
</testsuite>